<?xml version="1.0" encoding="UTF-8"?>
<testng-results skipped="0" failed="0" ignored="0" total="1" passed="1">
  <reporter-output>
  </reporter-output>
  <suite name="Default suite" duration-ms="22550" started-at="2020-09-19T17:16:04Z" finished-at="2020-09-19T17:16:26Z">
    <groups>
    </groups>
    <test name="Default test" duration-ms="22550" started-at="2020-09-19T17:16:04Z" finished-at="2020-09-19T17:16:26Z">
      <class name="TM_Interview.TM_Interview.TestCase">
        <test-method status="PASS" signature="capabilities()[pri:0, instance:TM_Interview.TM_Interview.TestCase@7b49cea0]" name="capabilities" is-config="true" duration-ms="4987" started-at="2020-09-19T17:16:04Z" finished-at="2020-09-19T17:16:09Z">
          <reporter-output>
          </reporter-output>
        </test-method> <!-- capabilities -->
        <test-method status="PASS" signature="login()[pri:0, instance:TM_Interview.TM_Interview.TestCase@7b49cea0]" name="login" duration-ms="17543" started-at="2020-09-19T17:16:09Z" finished-at="2020-09-19T17:16:26Z">
          <reporter-output>
          </reporter-output>
        </test-method> <!-- login -->
      </class> <!-- TM_Interview.TM_Interview.TestCase -->
    </test> <!-- Default test -->
  </suite> <!-- Default suite -->
</testng-results>
